<?xml version="1.0" encoding="UTF-8"?>
<!-- Generated by org.testng.reporters.JUnitReportReporter -->
<testsuite skipped="0" hostname="Mohamed_Morsy" name="com.gamma.airlines.admin.customers.CustomersControllerTest" tests="1" failures="0" timestamp="20 ماي 2017 12:48:42 GMT" time="0.790" errors="0">
  <testcase name="view_home" time="0.790" classname="com.gamma.airlines.admin.customers.CustomersControllerTest"/>
</testsuite> <!-- com.gamma.airlines.admin.customers.CustomersControllerTest -->
