<?xml version="1.0" encoding="UTF-8"?>
<!-- Generated by org.testng.reporters.JUnitReportReporter -->
<testsuite skipped="13" hostname="Mohamed_Morsy" name="com.gamma.airlines.anonymous.registration.RegistrationControllerTest" tests="13" failures="0" timestamp="18 ماي 2017 21:07:48 GMT" time="0.007" errors="0">
  <testcase name="invalid_submit_registration" time="0.000" classname="com.gamma.airlines.anonymous.registration.RegistrationControllerTest">
    <skipped/>
  </testcase> <!-- invalid_submit_registration -->
  <testcase name="registration" time="0.000" classname="com.gamma.airlines.anonymous.registration.RegistrationControllerTest">
    <skipped/>
  </testcase> <!-- registration -->
  <testcase name="email_is_not_unique" time="0.001" classname="com.gamma.airlines.anonymous.registration.RegistrationControllerTest">
    <skipped/>
  </testcase> <!-- email_is_not_unique -->
  <testcase name="invalid_submit_registration" time="0.002" classname="com.gamma.airlines.anonymous.registration.RegistrationControllerTest">
    <skipped/>
  </testcase> <!-- invalid_submit_registration -->
  <testcase name="invalid_submit_registration" time="0.000" classname="com.gamma.airlines.anonymous.registration.RegistrationControllerTest">
    <skipped/>
  </testcase> <!-- invalid_submit_registration -->
  <testcase name="invalid_submit_registration" time="0.000" classname="com.gamma.airlines.anonymous.registration.RegistrationControllerTest">
    <skipped/>
  </testcase> <!-- invalid_submit_registration -->
  <testcase name="invalid_submit_registration" time="0.001" classname="com.gamma.airlines.anonymous.registration.RegistrationControllerTest">
    <skipped/>
  </testcase> <!-- invalid_submit_registration -->
  <testcase name="invalid_submit_registration" time="0.000" classname="com.gamma.airlines.anonymous.registration.RegistrationControllerTest">
    <skipped/>
  </testcase> <!-- invalid_submit_registration -->
  <testcase name="invalid_submit_registration" time="0.001" classname="com.gamma.airlines.anonymous.registration.RegistrationControllerTest">
    <skipped/>
  </testcase> <!-- invalid_submit_registration -->
  <testcase name="invalid_submit_registration" time="0.001" classname="com.gamma.airlines.anonymous.registration.RegistrationControllerTest">
    <skipped/>
  </testcase> <!-- invalid_submit_registration -->
  <testcase name="username_is_not_unique" time="0.000" classname="com.gamma.airlines.anonymous.registration.RegistrationControllerTest">
    <skipped/>
  </testcase> <!-- username_is_not_unique -->
  <testcase name="invalid_submit_registration" time="0.000" classname="com.gamma.airlines.anonymous.registration.RegistrationControllerTest">
    <skipped/>
  </testcase> <!-- invalid_submit_registration -->
  <testcase name="submit_registration" time="0.001" classname="com.gamma.airlines.anonymous.registration.RegistrationControllerTest">
    <skipped/>
  </testcase> <!-- submit_registration -->
</testsuite> <!-- com.gamma.airlines.anonymous.registration.RegistrationControllerTest -->
