<?xml version="1.0" encoding="UTF-8"?>
<!-- Generated by org.testng.reporters.JUnitReportReporter -->
<testsuite skipped="0" hostname="Mohamed_Morsy" name="com.gamma.airlines.customer.home.CustomerHomeControllerTest" tests="1" failures="0" timestamp="18 ماي 2017 21:07:48 GMT" time="0.897" errors="0">
  <testcase name="view_home" time="0.897" classname="com.gamma.airlines.customer.home.CustomerHomeControllerTest"/>
</testsuite> <!-- com.gamma.airlines.customer.home.CustomerHomeControllerTest -->
