<?xml version="1.0" encoding="UTF-8"?>
<!-- Generated by org.testng.reporters.JUnitReportReporter -->
<testsuite skipped="1" hostname="Mohamed_Morsy" name="com.gamma.airlines.admin.purchasingorders.PurchasingOrdersControllerTest" tests="1" failures="0" timestamp="18 ماي 2017 21:07:48 GMT" time="0.002" errors="0">
  <testcase name="view_admin_home" time="0.002" classname="com.gamma.airlines.admin.purchasingorders.PurchasingOrdersControllerTest">
    <skipped/>
  </testcase> <!-- view_admin_home -->
</testsuite> <!-- com.gamma.airlines.admin.purchasingorders.PurchasingOrdersControllerTest -->
