<?xml version="1.0" encoding="UTF-8"?>
<!-- Generated by org.testng.reporters.JUnitReportReporter -->
<testsuite skipped="0" hostname="Mohamed_Morsy" name="com.gamma.airlines.customer.purchasing.email.EmailPurchasingOrderControllerTest" tests="1" failures="0" timestamp="18 ماي 2017 21:07:48 GMT" time="0.150" errors="0">
  <testcase name="email_purchasing_order" time="0.150" classname="com.gamma.airlines.customer.purchasing.email.EmailPurchasingOrderControllerTest"/>
</testsuite> <!-- com.gamma.airlines.customer.purchasing.email.EmailPurchasingOrderControllerTest -->
