<?xml version="1.0" encoding="UTF-8"?>
<!-- Generated by org.testng.reporters.JUnitReportReporter -->
<testsuite skipped="1" hostname="Mohamed_Morsy" name="com.gamma.airlines.customer.purchasing.export.ExportPurchasingOrderControllerTest" tests="1" failures="0" timestamp="18 ماي 2017 21:07:48 GMT" time="0.006" errors="0">
  <testcase name="export_purchasing_order" time="0.006" classname="com.gamma.airlines.customer.purchasing.export.ExportPurchasingOrderControllerTest">
    <skipped/>
  </testcase> <!-- export_purchasing_order -->
</testsuite> <!-- com.gamma.airlines.customer.purchasing.export.ExportPurchasingOrderControllerTest -->
