<?xml version="1.0" encoding="UTF-8"?>
<!-- Generated by org.testng.reporters.JUnitReportReporter -->
<testsuite skipped="2" hostname="Mohamed_Morsy" name="com.gamma.airlines.customer.purchasing.PurchasingControllerTest" tests="2" failures="0" timestamp="18 ماي 2017 21:07:48 GMT" time="0.002" errors="0">
  <testcase name="purchase_ticket" time="0.002" classname="com.gamma.airlines.customer.purchasing.PurchasingControllerTest">
    <skipped/>
  </testcase> <!-- purchase_ticket -->
  <testcase name="show_purchasing_order_details" time="0.000" classname="com.gamma.airlines.customer.purchasing.PurchasingControllerTest">
    <skipped/>
  </testcase> <!-- show_purchasing_order_details -->
</testsuite> <!-- com.gamma.airlines.customer.purchasing.PurchasingControllerTest -->
