<?xml version="1.0" encoding="UTF-8"?>
<!-- Generated by org.testng.reporters.JUnitReportReporter -->
<testsuite skipped="0" hostname="Mohamed_Morsy" name="com.gamma.airlines.admin.home.AdminHomeControllerTest" tests="1" failures="0" timestamp="18 ماي 2017 21:07:48 GMT" time="0.069" errors="0">
  <testcase name="view_admin_home" time="0.069" classname="com.gamma.airlines.admin.home.AdminHomeControllerTest"/>
</testsuite> <!-- com.gamma.airlines.admin.home.AdminHomeControllerTest -->
